#
# There is insufficient memory for the Java Runtime Environment to continue.
# Native memory allocation (malloc) failed to allocate 32744 bytes for Chunk::new
# Possible reasons:
#   The system is out of physical RAM or swap space
#   The process is running with CompressedOops enabled, and the Java Heap may be blocking the growth of the native heap
# Possible solutions:
#   Reduce memory load on the system
#   Increase physical memory or swap space
#   Check if swap backing store is full
#   Decrease Java heap size (-Xmx/-Xms)
#   Decrease number of Java threads
#   Decrease Java thread stack sizes (-Xss)
#   Set larger code cache with -XX:ReservedCodeCacheSize=
#   JVM is running with Zero Based Compressed Oops mode in which the Java heap is
#     placed in the first 32GB address space. The Java Heap base address is the
#     maximum limit for the native heap growth. Please use -XX:HeapBaseMinAddress
#     to set the Java Heap base and to place the Java Heap above 32GB virtual address.
# This output file may be truncated or incomplete.
#
#  Out of Memory Error (arena.cpp:184), pid=4628, tid=28912
#
# JRE version: Java(TM) SE Runtime Environment (19.0.2+7) (build 19.0.2+7-44)
# Java VM: Java HotSpot(TM) 64-Bit Server VM (19.0.2+7-44, mixed mode, sharing, tiered, compressed oops, compressed class ptrs, g1 gc, windows-amd64)
# No core dump will be written. Minidumps are not enabled by default on client versions of Windows
#

---------------  S U M M A R Y ------------

Command Line: -Dfile.encoding=UTF-8 --module-path=C:\Users\ASUS Vivobook\Desktop\Design Project\Adventurista\build\classes adventurista.Payment

Host: AMD Ryzen 9 5900HX with Radeon Graphics        , 16 cores, 15G,  Windows 11 , 64 bit Build 22621 (10.0.22621.2070)
Time: Tue Aug 22 01:53:10 2023 Bangladesh Standard Time elapsed time: 0.499312 seconds (0d 0h 0m 0s)

---------------  T H R E A D  ---------------

Current thread (0x000001fbb9200100):  JavaThread "C2 CompilerThread1" daemon [_thread_in_native, id=28912, stack(0x0000008a11400000,0x0000008a11500000)]


Current CompileTask:
C2:    499 1335       4       sun.font.TrueTypeFont::initAllNames (182 bytes)

Stack: [0x0000008a11400000,0x0000008a11500000]
Native frames: (J=compiled Java code, j=interpreted, Vv=VM code, C=native code)
V  [jvm.dll+0x6ee21a]
V  [jvm.dll+0x85765e]
V  [jvm.dll+0x85904e]
V  [jvm.dll+0x859703]
V  [jvm.dll+0x28298f]
V  [jvm.dll+0xc9adf]
V  [jvm.dll+0xc9e65]
V  [jvm.dll+0x6cb3da]
V  [jvm.dll+0x397730]
V  [jvm.dll+0x39522e]
V  [jvm.dll+0x705545]
V  [jvm.dll+0x70895c]
V  [jvm.dll+0x700c76]
V  [jvm.dll+0x7002c1]
V  [jvm.dll+0x6fe1a3]
V  [jvm.dll+0x1d9e6c]
V  [jvm.dll+0x24b333]
V  [jvm.dll+0x1d6ce1]
V  [jvm.dll+0x25b25a]
V  [jvm.dll+0x2596e8]
V  [jvm.dll+0x807588]
V  [jvm.dll+0x80125a]
V  [jvm.dll+0x6ecf0b]
C  [ucrtbase.dll+0x29363]
C  [KERNEL32.DLL+0x126ad]
C  [ntdll.dll+0x5aa68]


---------------  P R O C E S S  ---------------

Threads class SMR info:
_java_thread_list=0x000001fbb9c772e0, length=22, elements={
0x000001fbb4d85f70, 0x000001fbb4d864b0, 0x000001fbb4d8f190, 0x000001fbb4d8f6d0,
0x000001fbb4d91c20, 0x000001fbb4d92160, 0x000001fbb4d9df00, 0x000001fbb4da6490,
0x000001fbb4da7a20, 0x000001fbb4d5e170, 0x000001fbb90b4100, 0x000001fbb90e2d70,
0x000001fbb91b7e60, 0x000001fbb9200100, 0x000001fbb93874e0, 0x000001fbb9387a20,
0x000001fbb93acb30, 0x000001fbb9aaade0, 0x000001fbb9abb990, 0x000001fbb9be0ae0,
0x000001fb912c6610, 0x000001fbb90e1f30
}

Java Threads: ( => current thread )
  0x000001fbb4d85f70 JavaThread "Reference Handler" daemon [_thread_blocked, id=28616, stack(0x0000008a10600000,0x0000008a10700000)]
  0x000001fbb4d864b0 JavaThread "Finalizer" daemon [_thread_blocked, id=21380, stack(0x0000008a10700000,0x0000008a10800000)]
  0x000001fbb4d8f190 JavaThread "Signal Dispatcher" daemon [_thread_blocked, id=17628, stack(0x0000008a10800000,0x0000008a10900000)]
  0x000001fbb4d8f6d0 JavaThread "Attach Listener" daemon [_thread_blocked, id=13108, stack(0x0000008a10900000,0x0000008a10a00000)]
  0x000001fbb4d91c20 JavaThread "Service Thread" daemon [_thread_blocked, id=27920, stack(0x0000008a10a00000,0x0000008a10b00000)]
  0x000001fbb4d92160 JavaThread "Monitor Deflation Thread" daemon [_thread_blocked, id=28600, stack(0x0000008a10b00000,0x0000008a10c00000)]
  0x000001fbb4d9df00 JavaThread "C2 CompilerThread0" daemon [_thread_in_native, id=28076, stack(0x0000008a10c00000,0x0000008a10d00000)]
  0x000001fbb4da6490 JavaThread "C1 CompilerThread0" daemon [_thread_blocked, id=15352, stack(0x0000008a10d00000,0x0000008a10e00000)]
  0x000001fbb4da7a20 JavaThread "Sweeper thread" daemon [_thread_blocked, id=11760, stack(0x0000008a10e00000,0x0000008a10f00000)]
  0x000001fbb4d5e170 JavaThread "Common-Cleaner" daemon [_thread_blocked, id=27904, stack(0x0000008a10f00000,0x0000008a11000000)]
  0x000001fbb90b4100 JavaThread "C1 CompilerThread1" daemon [_thread_blocked, id=28968, stack(0x0000008a11000000,0x0000008a11100000)]
  0x000001fbb90e2d70 JavaThread "C1 CompilerThread2" daemon [_thread_blocked, id=9752, stack(0x0000008a11100000,0x0000008a11200000)]
  0x000001fbb91b7e60 JavaThread "Notification Thread" daemon [_thread_blocked, id=28132, stack(0x0000008a11200000,0x0000008a11300000)]
=>0x000001fbb9200100 JavaThread "C2 CompilerThread1" daemon [_thread_in_native, id=28912, stack(0x0000008a11400000,0x0000008a11500000)]
  0x000001fbb93874e0 JavaThread "Java2D Disposer" daemon [_thread_blocked, id=29684, stack(0x0000008a11500000,0x0000008a11600000)]
  0x000001fbb9387a20 JavaThread "AWT-Shutdown" [_thread_blocked, id=27912, stack(0x0000008a11600000,0x0000008a11700000)]
  0x000001fbb93acb30 JavaThread "AWT-Windows" daemon [_thread_in_native, id=3800, stack(0x0000008a11700000,0x0000008a11800000)]
  0x000001fbb9aaade0 JavaThread "Image Fetcher 0" daemon [_thread_blocked, id=12148, stack(0x0000008a12400000,0x0000008a12500000)]
  0x000001fbb9abb990 JavaThread "C1 CompilerThread3" daemon [_thread_blocked, id=27740, stack(0x0000008a12500000,0x0000008a12600000)]
  0x000001fbb9be0ae0 JavaThread "AWT-EventQueue-0" [_thread_in_vm, id=22544, stack(0x0000008a12600000,0x0000008a12700000)]
  0x000001fb912c6610 JavaThread "DestroyJavaVM" [_thread_blocked, id=28408, stack(0x0000008a0ff00000,0x0000008a10000000)]
  0x000001fbb90e1f30 JavaThread "D3D Screen Updater" daemon [_thread_blocked, id=1956, stack(0x0000008a12700000,0x0000008a12800000)]

Other Threads:
  0x000001fbb4d71b40 VMThread "VM Thread" [stack: 0x0000008a10500000,0x0000008a10600000] [id=16608]
  0x000001fbb9201cc0 WatcherThread "VM Periodic Task Thread" [stack: 0x0000008a11300000,0x0000008a11400000] [id=21404]
  0x000001fb91337930 WorkerThread "GC Thread#0" [stack: 0x0000008a10000000,0x0000008a10100000] [id=28800]
  0x000001fbb9a9a730 WorkerThread "GC Thread#1" [stack: 0x0000008a12800000,0x0000008a12900000] [id=9056]
  0x000001fbb9a9b810 WorkerThread "GC Thread#2" [stack: 0x0000008a12900000,0x0000008a12a00000] [id=19372]
  0x000001fbb9a9a190 WorkerThread "GC Thread#3" [stack: 0x0000008a12a00000,0x0000008a12b00000] [id=29260]
  0x000001fbb9a9a460 WorkerThread "GC Thread#4" [stack: 0x0000008a12b00000,0x0000008a12c00000] [id=26232]
  0x000001fbb9a9acd0 WorkerThread "GC Thread#5" [stack: 0x0000008a12c00000,0x0000008a12d00000] [id=19956]
  0x000001fbb9a9aa00 WorkerThread "GC Thread#6" [stack: 0x0000008a12d00000,0x0000008a12e00000] [id=29148]
  0x000001fbb9e57940 WorkerThread "GC Thread#7" [stack: 0x0000008a12e00000,0x0000008a12f00000] [id=26600]
  0x000001fbb9e58cf0 WorkerThread "GC Thread#8" [stack: 0x0000008a12f00000,0x0000008a13000000] [id=28260]
  0x000001fb9134a120 ConcurrentGCThread "G1 Main Marker" [stack: 0x0000008a10100000,0x0000008a10200000] [id=12940]
  0x000001fb9134aa50 WorkerThread "G1 Conc#0" [stack: 0x0000008a10200000,0x0000008a10300000] [id=29292]
  0x000001fbb4c26030 ConcurrentGCThread "G1 Refine#0" [stack: 0x0000008a10300000,0x0000008a10400000] [id=6592]
  0x000001fbb4c28440 ConcurrentGCThread "G1 Service" [stack: 0x0000008a10400000,0x0000008a10500000] [id=28168]

Threads with active compile tasks:
C2 CompilerThread0      516 1300   !   4       sun.font.TrueTypeFont::getTableBuffer (215 bytes)
C2 CompilerThread1      516 1335       4       sun.font.TrueTypeFont::initAllNames (182 bytes)

VM state: not at safepoint (normal execution)

VM Mutex/Monitor currently owned by a thread: None

Heap address: 0x0000000709800000, size: 3944 MB, Compressed Oops mode: Zero based, Oop shift amount: 3

CDS archive(s) mapped at: [0x0000000800000000-0x0000000800c40000-0x0000000800c40000), size 12845056, SharedBaseAddress: 0x0000000800000000, ArchiveRelocationMode: 0.
Compressed class space mapped at: 0x0000000801000000-0x0000000841000000, reserved size: 1073741824
Narrow klass base: 0x0000000800000000, Narrow klass shift: 0, Narrow klass range: 0x100000000

GC Precious Log:
 CardTable entry size: 512
 Card Set container configuration: InlinePtr #cards 4 size 8 Array Of Cards #cards 16 size 48 Howl #buckets 8 coarsen threshold 3686 Howl Bitmap #cards 512 size 80 coarsen threshold 460 Card regions per heap region 1 cards per card region 4096
 CPUs: 16 total, 16 available
 Memory: 15775M
 Large Page Support: Disabled
 NUMA Support: Disabled
 Compressed Oops: Enabled (Zero based)
 Heap Region Size: 2M
 Heap Min Capacity: 8M
 Heap Initial Capacity: 248M
 Heap Max Capacity: 3944M
 Pre-touch: Disabled
 Parallel Workers: 13
 Concurrent Workers: 3
 Concurrent Refinement Workers: 13
 Periodic GC: Disabled

Heap:
 garbage-first heap   total 253952K, used 10063K [0x0000000709800000, 0x0000000800000000)
  region size 2048K, 4 young (8192K), 2 survivors (4096K)
 Metaspace       used 7317K, committed 7552K, reserved 1114112K
  class space    used 756K, committed 896K, reserved 1048576K

Heap Regions: E=young(eden), S=young(survivor), O=old, HS=humongous(starts), HC=humongous(continues), CS=collection set, F=free, OA=open archive, CA=closed archive, TAMS=top-at-mark-start (previous, next)
|   0|0x0000000709800000, 0x0000000709a00000, 0x0000000709a00000|100%|HS|  |TAMS 0x0000000709800000, 0x0000000709800000| Complete 
|   1|0x0000000709a00000, 0x0000000709c00000, 0x0000000709c00000|100%|HS|  |TAMS 0x0000000709a00000, 0x0000000709a00000| Complete 
|   2|0x0000000709c00000, 0x0000000709c00000, 0x0000000709e00000|  0%| F|  |TAMS 0x0000000709c00000, 0x0000000709c00000| Untracked 
|   3|0x0000000709e00000, 0x0000000709e00000, 0x000000070a000000|  0%| F|  |TAMS 0x0000000709e00000, 0x0000000709e00000| Untracked 
|   4|0x000000070a000000, 0x000000070a000000, 0x000000070a200000|  0%| F|  |TAMS 0x000000070a000000, 0x000000070a000000| Untracked 
|   5|0x000000070a200000, 0x000000070a200000, 0x000000070a400000|  0%| F|  |TAMS 0x000000070a200000, 0x000000070a200000| Untracked 
|   6|0x000000070a400000, 0x000000070a400000, 0x000000070a600000|  0%| F|  |TAMS 0x000000070a400000, 0x000000070a400000| Untracked 
|   7|0x000000070a600000, 0x000000070a600000, 0x000000070a800000|  0%| F|  |TAMS 0x000000070a600000, 0x000000070a600000| Untracked 
|   8|0x000000070a800000, 0x000000070a800000, 0x000000070aa00000|  0%| F|  |TAMS 0x000000070a800000, 0x000000070a800000| Untracked 
|   9|0x000000070aa00000, 0x000000070aa00000, 0x000000070ac00000|  0%| F|  |TAMS 0x000000070aa00000, 0x000000070aa00000| Untracked 
|  10|0x000000070ac00000, 0x000000070ac00000, 0x000000070ae00000|  0%| F|  |TAMS 0x000000070ac00000, 0x000000070ac00000| Untracked 
|  11|0x000000070ae00000, 0x000000070ae00000, 0x000000070b000000|  0%| F|  |TAMS 0x000000070ae00000, 0x000000070ae00000| Untracked 
|  12|0x000000070b000000, 0x000000070b000000, 0x000000070b200000|  0%| F|  |TAMS 0x000000070b000000, 0x000000070b000000| Untracked 
|  13|0x000000070b200000, 0x000000070b200000, 0x000000070b400000|  0%| F|  |TAMS 0x000000070b200000, 0x000000070b200000| Untracked 
|  14|0x000000070b400000, 0x000000070b400000, 0x000000070b600000|  0%| F|  |TAMS 0x000000070b400000, 0x000000070b400000| Untracked 
|  15|0x000000070b600000, 0x000000070b600000, 0x000000070b800000|  0%| F|  |TAMS 0x000000070b600000, 0x000000070b600000| Untracked 
|  16|0x000000070b800000, 0x000000070b800000, 0x000000070ba00000|  0%| F|  |TAMS 0x000000070b800000, 0x000000070b800000| Untracked 
|  17|0x000000070ba00000, 0x000000070ba00000, 0x000000070bc00000|  0%| F|  |TAMS 0x000000070ba00000, 0x000000070ba00000| Untracked 
|  18|0x000000070bc00000, 0x000000070bc00000, 0x000000070be00000|  0%| F|  |TAMS 0x000000070bc00000, 0x000000070bc00000| Untracked 
|  19|0x000000070be00000, 0x000000070be00000, 0x000000070c000000|  0%| F|  |TAMS 0x000000070be00000, 0x000000070be00000| Untracked 
|  20|0x000000070c000000, 0x000000070c000000, 0x000000070c200000|  0%| F|  |TAMS 0x000000070c000000, 0x000000070c000000| Untracked 
|  21|0x000000070c200000, 0x000000070c200000, 0x000000070c400000|  0%| F|  |TAMS 0x000000070c200000, 0x000000070c200000| Untracked 
|  22|0x000000070c400000, 0x000000070c400000, 0x000000070c600000|  0%| F|  |TAMS 0x000000070c400000, 0x000000070c400000| Untracked 
|  23|0x000000070c600000, 0x000000070c600000, 0x000000070c800000|  0%| F|  |TAMS 0x000000070c600000, 0x000000070c600000| Untracked 
|  24|0x000000070c800000, 0x000000070c800000, 0x000000070ca00000|  0%| F|  |TAMS 0x000000070c800000, 0x000000070c800000| Untracked 
|  25|0x000000070ca00000, 0x000000070ca00000, 0x000000070cc00000|  0%| F|  |TAMS 0x000000070ca00000, 0x000000070ca00000| Untracked 
|  26|0x000000070cc00000, 0x000000070cc00000, 0x000000070ce00000|  0%| F|  |TAMS 0x000000070cc00000, 0x000000070cc00000| Untracked 
|  27|0x000000070ce00000, 0x000000070ce00000, 0x000000070d000000|  0%| F|  |TAMS 0x000000070ce00000, 0x000000070ce00000| Untracked 
|  28|0x000000070d000000, 0x000000070d000000, 0x000000070d200000|  0%| F|  |TAMS 0x000000070d000000, 0x000000070d000000| Untracked 
|  29|0x000000070d200000, 0x000000070d200000, 0x000000070d400000|  0%| F|  |TAMS 0x000000070d200000, 0x000000070d200000| Untracked 
|  30|0x000000070d400000, 0x000000070d400000, 0x000000070d600000|  0%| F|  |TAMS 0x000000070d400000, 0x000000070d400000| Untracked 
|  31|0x000000070d600000, 0x000000070d600000, 0x000000070d800000|  0%| F|  |TAMS 0x000000070d600000, 0x000000070d600000| Untracked 
|  32|0x000000070d800000, 0x000000070d800000, 0x000000070da00000|  0%| F|  |TAMS 0x000000070d800000, 0x000000070d800000| Untracked 
|  33|0x000000070da00000, 0x000000070da00000, 0x000000070dc00000|  0%| F|  |TAMS 0x000000070da00000, 0x000000070da00000| Untracked 
|  34|0x000000070dc00000, 0x000000070dc00000, 0x000000070de00000|  0%| F|  |TAMS 0x000000070dc00000, 0x000000070dc00000| Untracked 
|  35|0x000000070de00000, 0x000000070de00000, 0x000000070e000000|  0%| F|  |TAMS 0x000000070de00000, 0x000000070de00000| Untracked 
|  36|0x000000070e000000, 0x000000070e000000, 0x000000070e200000|  0%| F|  |TAMS 0x000000070e000000, 0x000000070e000000| Untracked 
|  37|0x000000070e200000, 0x000000070e200000, 0x000000070e400000|  0%| F|  |TAMS 0x000000070e200000, 0x000000070e200000| Untracked 
|  38|0x000000070e400000, 0x000000070e400000, 0x000000070e600000|  0%| F|  |TAMS 0x000000070e400000, 0x000000070e400000| Untracked 
|  39|0x000000070e600000, 0x000000070e600000, 0x000000070e800000|  0%| F|  |TAMS 0x000000070e600000, 0x000000070e600000| Untracked 
|  40|0x000000070e800000, 0x000000070e800000, 0x000000070ea00000|  0%| F|  |TAMS 0x000000070e800000, 0x000000070e800000| Untracked 
|  41|0x000000070ea00000, 0x000000070ea00000, 0x000000070ec00000|  0%| F|  |TAMS 0x000000070ea00000, 0x000000070ea00000| Untracked 
|  42|0x000000070ec00000, 0x000000070ec00000, 0x000000070ee00000|  0%| F|  |TAMS 0x000000070ec00000, 0x000000070ec00000| Untracked 
|  43|0x000000070ee00000, 0x000000070ee00000, 0x000000070f000000|  0%| F|  |TAMS 0x000000070ee00000, 0x000000070ee00000| Untracked 
|  44|0x000000070f000000, 0x000000070f000000, 0x000000070f200000|  0%| F|  |TAMS 0x000000070f000000, 0x000000070f000000| Untracked 
|  45|0x000000070f200000, 0x000000070f200000, 0x000000070f400000|  0%| F|  |TAMS 0x000000070f200000, 0x000000070f200000| Untracked 
|  46|0x000000070f400000, 0x000000070f400000, 0x000000070f600000|  0%| F|  |TAMS 0x000000070f400000, 0x000000070f400000| Untracked 
|  47|0x000000070f600000, 0x000000070f600000, 0x000000070f800000|  0%| F|  |TAMS 0x000000070f600000, 0x000000070f600000| Untracked 
|  48|0x000000070f800000, 0x000000070f800000, 0x000000070fa00000|  0%| F|  |TAMS 0x000000070f800000, 0x000000070f800000| Untracked 
|  49|0x000000070fa00000, 0x000000070fa00000, 0x000000070fc00000|  0%| F|  |TAMS 0x000000070fa00000, 0x000000070fa00000| Untracked 
|  50|0x000000070fc00000, 0x000000070fc00000, 0x000000070fe00000|  0%| F|  |TAMS 0x000000070fc00000, 0x000000070fc00000| Untracked 
|  51|0x000000070fe00000, 0x000000070fe00000, 0x0000000710000000|  0%| F|  |TAMS 0x000000070fe00000, 0x000000070fe00000| Untracked 
|  52|0x0000000710000000, 0x0000000710000000, 0x0000000710200000|  0%| F|  |TAMS 0x0000000710000000, 0x0000000710000000| Untracked 
|  53|0x0000000710200000, 0x0000000710200000, 0x0000000710400000|  0%| F|  |TAMS 0x0000000710200000, 0x0000000710200000| Untracked 
|  54|0x0000000710400000, 0x0000000710400000, 0x0000000710600000|  0%| F|  |TAMS 0x0000000710400000, 0x0000000710400000| Untracked 
|  55|0x0000000710600000, 0x0000000710600000, 0x0000000710800000|  0%| F|  |TAMS 0x0000000710600000, 0x0000000710600000| Untracked 
|  56|0x0000000710800000, 0x0000000710800000, 0x0000000710a00000|  0%| F|  |TAMS 0x0000000710800000, 0x0000000710800000| Untracked 
|  57|0x0000000710a00000, 0x0000000710a00000, 0x0000000710c00000|  0%| F|  |TAMS 0x0000000710a00000, 0x0000000710a00000| Untracked 
|  58|0x0000000710c00000, 0x0000000710c00000, 0x0000000710e00000|  0%| F|  |TAMS 0x0000000710c00000, 0x0000000710c00000| Untracked 
|  59|0x0000000710e00000, 0x0000000710e00000, 0x0000000711000000|  0%| F|  |TAMS 0x0000000710e00000, 0x0000000710e00000| Untracked 
|  60|0x0000000711000000, 0x0000000711000000, 0x0000000711200000|  0%| F|  |TAMS 0x0000000711000000, 0x0000000711000000| Untracked 
|  61|0x0000000711200000, 0x0000000711200000, 0x0000000711400000|  0%| F|  |TAMS 0x0000000711200000, 0x0000000711200000| Untracked 
|  62|0x0000000711400000, 0x0000000711400000, 0x0000000711600000|  0%| F|  |TAMS 0x0000000711400000, 0x0000000711400000| Untracked 
|  63|0x0000000711600000, 0x0000000711600000, 0x0000000711800000|  0%| F|  |TAMS 0x0000000711600000, 0x0000000711600000| Untracked 
|  64|0x0000000711800000, 0x0000000711800000, 0x0000000711a00000|  0%| F|  |TAMS 0x0000000711800000, 0x0000000711800000| Untracked 
|  65|0x0000000711a00000, 0x0000000711a00000, 0x0000000711c00000|  0%| F|  |TAMS 0x0000000711a00000, 0x0000000711a00000| Untracked 
|  66|0x0000000711c00000, 0x0000000711c00000, 0x0000000711e00000|  0%| F|  |TAMS 0x0000000711c00000, 0x0000000711c00000| Untracked 
|  67|0x0000000711e00000, 0x0000000711e00000, 0x0000000712000000|  0%| F|  |TAMS 0x0000000711e00000, 0x0000000711e00000| Untracked 
|  68|0x0000000712000000, 0x0000000712000000, 0x0000000712200000|  0%| F|  |TAMS 0x0000000712000000, 0x0000000712000000| Untracked 
|  69|0x0000000712200000, 0x0000000712200000, 0x0000000712400000|  0%| F|  |TAMS 0x0000000712200000, 0x0000000712200000| Untracked 
|  70|0x0000000712400000, 0x0000000712400000, 0x0000000712600000|  0%| F|  |TAMS 0x0000000712400000, 0x0000000712400000| Untracked 
|  71|0x0000000712600000, 0x0000000712600000, 0x0000000712800000|  0%| F|  |TAMS 0x0000000712600000, 0x0000000712600000| Untracked 
|  72|0x0000000712800000, 0x0000000712800000, 0x0000000712a00000|  0%| F|  |TAMS 0x0000000712800000, 0x0000000712800000| Untracked 
|  73|0x0000000712a00000, 0x0000000712a00000, 0x0000000712c00000|  0%| F|  |TAMS 0x0000000712a00000, 0x0000000712a00000| Untracked 
|  74|0x0000000712c00000, 0x0000000712c00000, 0x0000000712e00000|  0%| F|  |TAMS 0x0000000712c00000, 0x0000000712c00000| Untracked 
|  75|0x0000000712e00000, 0x0000000712e00000, 0x0000000713000000|  0%| F|  |TAMS 0x0000000712e00000, 0x0000000712e00000| Untracked 
|  76|0x0000000713000000, 0x0000000713000000, 0x0000000713200000|  0%| F|  |TAMS 0x0000000713000000, 0x0000000713000000| Untracked 
|  77|0x0000000713200000, 0x0000000713200000, 0x0000000713400000|  0%| F|  |TAMS 0x0000000713200000, 0x0000000713200000| Untracked 
|  78|0x0000000713400000, 0x0000000713400000, 0x0000000713600000|  0%| F|  |TAMS 0x0000000713400000, 0x0000000713400000| Untracked 
|  79|0x0000000713600000, 0x0000000713600000, 0x0000000713800000|  0%| F|  |TAMS 0x0000000713600000, 0x0000000713600000| Untracked 
|  80|0x0000000713800000, 0x0000000713800000, 0x0000000713a00000|  0%| F|  |TAMS 0x0000000713800000, 0x0000000713800000| Untracked 
|  81|0x0000000713a00000, 0x0000000713a00000, 0x0000000713c00000|  0%| F|  |TAMS 0x0000000713a00000, 0x0000000713a00000| Untracked 
|  82|0x0000000713c00000, 0x0000000713c00000, 0x0000000713e00000|  0%| F|  |TAMS 0x0000000713c00000, 0x0000000713c00000| Untracked 
|  83|0x0000000713e00000, 0x0000000713e00000, 0x0000000714000000|  0%| F|  |TAMS 0x0000000713e00000, 0x0000000713e00000| Untracked 
|  84|0x0000000714000000, 0x0000000714000000, 0x0000000714200000|  0%| F|  |TAMS 0x0000000714000000, 0x0000000714000000| Untracked 
|  85|0x0000000714200000, 0x0000000714200000, 0x0000000714400000|  0%| F|  |TAMS 0x0000000714200000, 0x0000000714200000| Untracked 
|  86|0x0000000714400000, 0x0000000714400000, 0x0000000714600000|  0%| F|  |TAMS 0x0000000714400000, 0x0000000714400000| Untracked 
|  87|0x0000000714600000, 0x0000000714600000, 0x0000000714800000|  0%| F|  |TAMS 0x0000000714600000, 0x0000000714600000| Untracked 
|  88|0x0000000714800000, 0x0000000714800000, 0x0000000714a00000|  0%| F|  |TAMS 0x0000000714800000, 0x0000000714800000| Untracked 
|  89|0x0000000714a00000, 0x0000000714a00000, 0x0000000714c00000|  0%| F|  |TAMS 0x0000000714a00000, 0x0000000714a00000| Untracked 
|  90|0x0000000714c00000, 0x0000000714c00000, 0x0000000714e00000|  0%| F|  |TAMS 0x0000000714c00000, 0x0000000714c00000| Untracked 
|  91|0x0000000714e00000, 0x0000000714e00000, 0x0000000715000000|  0%| F|  |TAMS 0x0000000714e00000, 0x0000000714e00000| Untracked 
|  92|0x0000000715000000, 0x0000000715000000, 0x0000000715200000|  0%| F|  |TAMS 0x0000000715000000, 0x0000000715000000| Untracked 
|  93|0x0000000715200000, 0x0000000715200000, 0x0000000715400000|  0%| F|  |TAMS 0x0000000715200000, 0x0000000715200000| Untracked 
|  94|0x0000000715400000, 0x0000000715400000, 0x0000000715600000|  0%| F|  |TAMS 0x0000000715400000, 0x0000000715400000| Untracked 
|  95|0x0000000715600000, 0x0000000715600000, 0x0000000715800000|  0%| F|  |TAMS 0x0000000715600000, 0x0000000715600000| Untracked 
|  96|0x0000000715800000, 0x0000000715800000, 0x0000000715a00000|  0%| F|  |TAMS 0x0000000715800000, 0x0000000715800000| Untracked 
|  97|0x0000000715a00000, 0x0000000715a00000, 0x0000000715c00000|  0%| F|  |TAMS 0x0000000715a00000, 0x0000000715a00000| Untracked 
|  98|0x0000000715c00000, 0x0000000715c00000, 0x0000000715e00000|  0%| F|  |TAMS 0x0000000715c00000, 0x0000000715c00000| Untracked 
|  99|0x0000000715e00000, 0x0000000715e00000, 0x0000000716000000|  0%| F|  |TAMS 0x0000000715e00000, 0x0000000715e00000| Untracked 
| 100|0x0000000716000000, 0x0000000716000000, 0x0000000716200000|  0%| F|  |TAMS 0x0000000716000000, 0x0000000716000000| Untracked 
| 101|0x0000000716200000, 0x0000000716200000, 0x0000000716400000|  0%| F|  |TAMS 0x0000000716200000, 0x0000000716200000| Untracked 
| 102|0x0000000716400000, 0x0000000716400000, 0x0000000716600000|  0%| F|  |TAMS 0x0000000716400000, 0x0000000716400000| Untracked 
| 103|0x0000000716600000, 0x0000000716600000, 0x0000000716800000|  0%| F|  |TAMS 0x0000000716600000, 0x0000000716600000| Untracked 
| 104|0x0000000716800000, 0x0000000716800000, 0x0000000716a00000|  0%| F|  |TAMS 0x0000000716800000, 0x0000000716800000| Untracked 
| 105|0x0000000716a00000, 0x0000000716a00000, 0x0000000716c00000|  0%| F|  |TAMS 0x0000000716a00000, 0x0000000716a00000| Untracked 
| 106|0x0000000716c00000, 0x0000000716c00000, 0x0000000716e00000|  0%| F|  |TAMS 0x0000000716c00000, 0x0000000716c00000| Untracked 
| 107|0x0000000716e00000, 0x0000000716e00000, 0x0000000717000000|  0%| F|  |TAMS 0x0000000716e00000, 0x0000000716e00000| Untracked 
| 108|0x0000000717000000, 0x0000000717000000, 0x0000000717200000|  0%| F|  |TAMS 0x0000000717000000, 0x0000000717000000| Untracked 
| 109|0x0000000717200000, 0x0000000717200000, 0x0000000717400000|  0%| F|  |TAMS 0x0000000717200000, 0x0000000717200000| Untracked 
| 110|0x0000000717400000, 0x0000000717400000, 0x0000000717600000|  0%| F|  |TAMS 0x0000000717400000, 0x0000000717400000| Untracked 
| 111|0x0000000717600000, 0x00000007177d3f70, 0x0000000717800000| 91%| S|CS|TAMS 0x0000000717600000, 0x0000000717600000| Complete 
| 112|0x0000000717800000, 0x0000000717a00000, 0x0000000717a00000|100%| S|CS|TAMS 0x0000000717800000, 0x0000000717800000| Complete 
| 113|0x0000000717a00000, 0x0000000717a00000, 0x0000000717c00000|  0%| F|  |TAMS 0x0000000717a00000, 0x0000000717a00000| Untracked 
| 114|0x0000000717c00000, 0x0000000717c00000, 0x0000000717e00000|  0%| F|  |TAMS 0x0000000717c00000, 0x0000000717c00000| Untracked 
| 115|0x0000000717e00000, 0x0000000717e00000, 0x0000000718000000|  0%| F|  |TAMS 0x0000000717e00000, 0x0000000717e00000| Untracked 
| 116|0x0000000718000000, 0x0000000718000000, 0x0000000718200000|  0%| F|  |TAMS 0x0000000718000000, 0x0000000718000000| Untracked 
| 117|0x0000000718200000, 0x0000000718200000, 0x0000000718400000|  0%| F|  |TAMS 0x0000000718200000, 0x0000000718200000| Untracked 
| 118|0x0000000718400000, 0x0000000718400000, 0x0000000718600000|  0%| F|  |TAMS 0x0000000718400000, 0x0000000718400000| Untracked 
| 119|0x0000000718600000, 0x0000000718600000, 0x0000000718800000|  0%| F|  |TAMS 0x0000000718600000, 0x0000000718600000| Untracked 
| 120|0x0000000718800000, 0x0000000718800000, 0x0000000718a00000|  0%| F|  |TAMS 0x0000000718800000, 0x0000000718800000| Untracked 
| 121|0x0000000718a00000, 0x0000000718a00000, 0x0000000718c00000|  0%| F|  |TAMS 0x0000000718a00000, 0x0000000718a00000| Untracked 
| 122|0x0000000718c00000, 0x0000000718c6e9e0, 0x0000000718e00000| 21%| E|  |TAMS 0x0000000718c00000, 0x0000000718c00000| Complete 
| 123|0x0000000718e00000, 0x0000000719000000, 0x0000000719000000|100%| E|CS|TAMS 0x0000000718e00000, 0x0000000718e00000| Complete 

Card table byte_map: [0x000001fba9270000,0x000001fba9a30000] _byte_map_base: 0x000001fba5a24000

Marking Bits (Prev, Next): (CMBitMap*) 0x000001fb91339e70, (CMBitMap*) 0x000001fb91339eb0
 Prev Bits: [0x000001fbaa1f0000, 0x000001fbadf90000)
 Next Bits: [0x000001fbadf90000, 0x000001fbb1d30000)

Polling page: 0x000001fb8f0a0000

Metaspace:

Usage:
  Non-class:      6.41 MB used.
      Class:    756.98 KB used.
       Both:      7.15 MB used.

Virtual space:
  Non-class space:       64.00 MB reserved,       6.50 MB ( 10%) committed,  1 nodes.
      Class space:        1.00 GB reserved,     896.00 KB ( <1%) committed,  1 nodes.
             Both:        1.06 GB reserved,       7.38 MB ( <1%) committed. 

Chunk freelists:
   Non-Class:  1.00 MB
       Class:  3.10 MB
        Both:  4.10 MB

MaxMetaspaceSize: unlimited
CompressedClassSpaceSize: 1.00 GB
Initial GC threshold: 21.00 MB
Current GC threshold: 21.00 MB
CDS: on
MetaspaceReclaimPolicy: balanced
 - commit_granule_bytes: 65536.
 - commit_granule_words: 8192.
 - virtual_space_node_default_size: 8388608.
 - enlarge_chunks_in_place: 1.
 - new_chunks_are_fully_committed: 0.
 - uncommit_free_chunks: 1.
 - use_allocation_guard: 0.


Internal statistics:

num_allocs_failed_limit: 0.
num_arena_births: 154.
num_arena_deaths: 0.
num_vsnodes_births: 2.
num_vsnodes_deaths: 0.
num_space_committed: 118.
num_space_uncommitted: 0.
num_chunks_returned_to_freelist: 0.
num_chunks_taken_from_freelist: 166.
num_chunk_merges: 0.
num_chunk_splits: 113.
num_chunks_enlarged: 74.
num_inconsistent_stats: 0.

CodeHeap 'non-profiled nmethods': size=119168Kb used=357Kb max_used=357Kb free=118810Kb
 bounds [0x000001fba0dd0000, 0x000001fba1040000, 0x000001fba8230000]
CodeHeap 'profiled nmethods': size=119104Kb used=2268Kb max_used=2268Kb free=116835Kb
 bounds [0x000001fb99230000, 0x000001fb994a0000, 0x000001fba0680000]
CodeHeap 'non-nmethods': size=7488Kb used=3060Kb max_used=3089Kb free=4427Kb
 bounds [0x000001fba0680000, 0x000001fba0990000, 0x000001fba0dd0000]
 total_blobs=1951 nmethods=1332 adapters=527
 compilation: enabled
              stopped_count=0, restarted_count=0
 full_count=0

Compilation events (20 events):
Event: 0.477 Thread 0x000001fbb90e2d70 nmethod 1324 0x000001fb99464590 code [0x000001fb99464740, 0x000001fb99464968]
Event: 0.477 Thread 0x000001fbb90b4100 nmethod 1323 0x000001fb99464a10 code [0x000001fb99464be0, 0x000001fb99464e98]
Event: 0.477 Thread 0x000001fbb90e2d70 1328   !   3       java.lang.ref.NativeReferenceQueue::enqueue (20 bytes)
Event: 0.477 Thread 0x000001fbb90b4100 1329       3       java.lang.ref.NativeReferenceQueue::signal (8 bytes)
Event: 0.478 Thread 0x000001fbb9abb990 nmethod 1321 0x000001fb99464f90 code [0x000001fb99465180, 0x000001fb99465598]
Event: 0.478 Thread 0x000001fbb9abb990 1330       3       java.util.concurrent.locks.ReentrantLock$Sync::isHeldExclusively (16 bytes)
Event: 0.478 Thread 0x000001fbb4da6490 nmethod 1325 0x000001fb99465690 code [0x000001fb99465880, 0x000001fb99465ee8]
Event: 0.478 Thread 0x000001fbb4da6490 1331       3       java.util.concurrent.locks.AbstractQueuedSynchronizer$ConditionObject::signalAll (34 bytes)
Event: 0.478 Thread 0x000001fbb90b4100 nmethod 1329 0x000001fb99466010 code [0x000001fb994661c0, 0x000001fb99466308]
Event: 0.478 Thread 0x000001fbb9abb990 nmethod 1330 0x000001fb99466410 code [0x000001fb994665c0, 0x000001fb99466758]
Event: 0.478 Thread 0x000001fbb90e2d70 nmethod 1328 0x000001fb99466810 code [0x000001fb994669c0, 0x000001fb99466be8]
Event: 0.478 Thread 0x000001fbb4da6490 nmethod 1331 0x000001fb99466d10 code [0x000001fb99466ee0, 0x000001fb99467228]
Event: 0.478 Thread 0x000001fbb9200100 nmethod 1320 0x000001fba0e27b90 code [0x000001fba0e27d20, 0x000001fba0e27df8]
Event: 0.478 Thread 0x000001fbb9200100 1322       4       java.util.concurrent.locks.ReentrantLock::unlock (10 bytes)
Event: 0.479 Thread 0x000001fbb9200100 nmethod 1322 0x000001fba0e27f10 code [0x000001fba0e280a0, 0x000001fba0e28258]
Event: 0.480 Thread 0x000001fbb9200100 1332   !   4       sun.font.SunFontManager::addToPool (131 bytes)
Event: 0.486 Thread 0x000001fbb9200100 nmethod 1332 0x000001fba0e28410 code [0x000001fba0e285c0, 0x000001fba0e28d88]
Event: 0.486 Thread 0x000001fbb9200100 1333       4       java.lang.String::hashCode (60 bytes)
Event: 0.489 Thread 0x000001fbb9200100 nmethod 1333 0x000001fba0e29090 code [0x000001fba0e29220, 0x000001fba0e29518]
Event: 0.489 Thread 0x000001fbb9200100 1335       4       sun.font.TrueTypeFont::initAllNames (182 bytes)

GC Heap History (2 events):
Event: 0.473 GC heap before
{Heap before GC invocations=0 (full 0):
 garbage-first heap   total 253952K, used 26624K [0x0000000709800000, 0x0000000800000000)
  region size 2048K, 11 young (22528K), 0 survivors (0K)
 Metaspace       used 7309K, committed 7552K, reserved 1114112K
  class space    used 756K, committed 896K, reserved 1048576K
}
Event: 0.477 GC heap after
{Heap after GC invocations=1 (full 0):
 garbage-first heap   total 253952K, used 8015K [0x0000000709800000, 0x0000000800000000)
  region size 2048K, 2 young (4096K), 2 survivors (4096K)
 Metaspace       used 7309K, committed 7552K, reserved 1114112K
  class space    used 756K, committed 896K, reserved 1048576K
}

Dll operation events (10 events):
Event: 0.006 Loaded shared library C:\Program Files\Java\jdk-19\bin\java.dll
Event: 0.012 Loaded shared library C:\Program Files\Java\jdk-19\bin\jsvml.dll
Event: 0.041 Loaded shared library C:\Program Files\Java\jdk-19\bin\net.dll
Event: 0.042 Loaded shared library C:\Program Files\Java\jdk-19\bin\nio.dll
Event: 0.055 Loaded shared library C:\Program Files\Java\jdk-19\bin\zip.dll
Event: 0.061 Loaded shared library C:\Program Files\Java\jdk-19\bin\jimage.dll
Event: 0.071 Loaded shared library C:\Program Files\Java\jdk-19\bin\awt.dll
Event: 0.223 Loaded shared library C:\Program Files\Java\jdk-19\bin\javajpeg.dll
Event: 0.260 Loaded shared library C:\Program Files\Java\jdk-19\bin\freetype.dll
Event: 0.260 Loaded shared library C:\Program Files\Java\jdk-19\bin\fontmanager.dll

Deoptimization events (20 events):
Event: 0.314 Thread 0x000001fbb9be0ae0 Uncommon trap: trap_request=0xffffffde fr.pc=0x000001fba0e01964 relative=0x00000000000002a4
Event: 0.314 Thread 0x000001fbb9be0ae0 Uncommon trap: reason=class_check action=maybe_recompile pc=0x000001fba0e01964 method=java.util.HashMap.getNode(Ljava/lang/Object;)Ljava/util/HashMap$Node; @ 63 c2
Event: 0.314 Thread 0x000001fbb9be0ae0 DEOPT PACKING pc=0x000001fba0e01964 sp=0x0000008a126fda80
Event: 0.314 Thread 0x000001fbb9be0ae0 DEOPT UNPACKING pc=0x000001fba06e6da3 sp=0x0000008a126fd9e8 mode 2
Event: 0.314 Thread 0x000001fbb9be0ae0 Uncommon trap: trap_request=0xffffffde fr.pc=0x000001fba0e01964 relative=0x00000000000002a4
Event: 0.314 Thread 0x000001fbb9be0ae0 Uncommon trap: reason=class_check action=maybe_recompile pc=0x000001fba0e01964 method=java.util.HashMap.getNode(Ljava/lang/Object;)Ljava/util/HashMap$Node; @ 63 c2
Event: 0.314 Thread 0x000001fbb9be0ae0 DEOPT PACKING pc=0x000001fba0e01964 sp=0x0000008a126fdb90
Event: 0.314 Thread 0x000001fbb9be0ae0 DEOPT UNPACKING pc=0x000001fba06e6da3 sp=0x0000008a126fdaf8 mode 2
Event: 0.444 Thread 0x000001fbb9be0ae0 Uncommon trap: trap_request=0xffffff45 fr.pc=0x000001fba0ddb7b8 relative=0x0000000000000098
Event: 0.444 Thread 0x000001fbb9be0ae0 Uncommon trap: reason=unstable_if action=reinterpret pc=0x000001fba0ddb7b8 method=java.lang.String.isLatin1()Z @ 10 c2
Event: 0.444 Thread 0x000001fbb9be0ae0 DEOPT PACKING pc=0x000001fba0ddb7b8 sp=0x0000008a126fd4e0
Event: 0.444 Thread 0x000001fbb9be0ae0 DEOPT UNPACKING pc=0x000001fba06e6da3 sp=0x0000008a126fd410 mode 2
Event: 0.452 Thread 0x000001fbb9be0ae0 Uncommon trap: trap_request=0xffffff45 fr.pc=0x000001fba0e2457c relative=0x000000000000043c
Event: 0.452 Thread 0x000001fbb9be0ae0 Uncommon trap: reason=unstable_if action=reinterpret pc=0x000001fba0e2457c method=java.lang.Character.isSurrogate(C)Z @ 3 c2
Event: 0.452 Thread 0x000001fbb9be0ae0 DEOPT PACKING pc=0x000001fba0e2457c sp=0x0000008a126fd1b0
Event: 0.452 Thread 0x000001fbb9be0ae0 DEOPT UNPACKING pc=0x000001fba06e6da3 sp=0x0000008a126fd0c8 mode 2
Event: 0.477 Thread 0x000001fbb4d85f70 Uncommon trap: trap_request=0xffffff45 fr.pc=0x000001fba0e0951c relative=0x000000000000017c
Event: 0.477 Thread 0x000001fbb4d85f70 Uncommon trap: reason=unstable_if action=reinterpret pc=0x000001fba0e0951c method=java.util.concurrent.locks.ReentrantLock$Sync.lock()V @ 4 c2
Event: 0.477 Thread 0x000001fbb4d85f70 DEOPT PACKING pc=0x000001fba0e0951c sp=0x0000008a106ff640
Event: 0.477 Thread 0x000001fbb4d85f70 DEOPT UNPACKING pc=0x000001fba06e6da3 sp=0x0000008a106ff590 mode 2

Classes loaded (20 events):
Event: 0.315 Loading class sun/java2d/loops/DrawGlyphListColor
Event: 0.315 Loading class sun/java2d/loops/DrawGlyphListColor done
Event: 0.315 Loading class sun/java2d/loops/DrawGlyphListColor$General
Event: 0.315 Loading class sun/java2d/loops/DrawGlyphListColor$General done
Event: 0.315 Loading class sun/java2d/loops/Blit$GeneralMaskBlit
Event: 0.315 Loading class sun/java2d/loops/Blit$GeneralMaskBlit done
Event: 0.317 Loading class sun/font/SunFontManager$FamilyDescription
Event: 0.317 Loading class sun/font/SunFontManager$FamilyDescription done
Event: 0.329 Loading class sun/font/SunFontManager$3
Event: 0.329 Loading class sun/font/SunFontManager$3 done
Event: 0.338 Loading class sun/font/SunFontManager$8
Event: 0.338 Loading class sun/font/SunFontManager$8 done
Event: 0.338 Loading class sun/font/SunFontManager$9
Event: 0.338 Loading class sun/font/SunFontManager$9 done
Event: 0.434 Loading class java/lang/foreign/MemorySegment
Event: 0.434 Loading class java/lang/foreign/Addressable
Event: 0.434 Loading class java/lang/foreign/Addressable done
Event: 0.434 Loading class java/lang/foreign/MemorySegment done
Event: 0.477 Loading class java/util/concurrent/locks/AbstractQueuedSynchronizer$ExclusiveNode
Event: 0.477 Loading class java/util/concurrent/locks/AbstractQueuedSynchronizer$ExclusiveNode done

Classes unloaded (0 events):
No events

Classes redefined (0 events):
No events

Internal exceptions (17 events):
Event: 0.043 Thread 0x000001fb912c6610 Exception <a 'sun/nio/fs/WindowsException'{0x0000000718f9d4e8}> (0x0000000718f9d4e8) 
thrown [s\open\src\hotspot\share\prims\jni.cpp, line 517]
Event: 0.043 Thread 0x000001fb912c6610 Exception <a 'sun/nio/fs/WindowsException'{0x0000000718f9da38}> (0x0000000718f9da38) 
thrown [s\open\src\hotspot\share\prims\jni.cpp, line 517]
Event: 0.044 Thread 0x000001fb912c6610 Exception <a 'sun/nio/fs/WindowsException'{0x0000000718f9fe10}> (0x0000000718f9fe10) 
thrown [s\open\src\hotspot\share\prims\jni.cpp, line 517]
Event: 0.044 Thread 0x000001fb912c6610 Exception <a 'sun/nio/fs/WindowsException'{0x0000000718fa08d0}> (0x0000000718fa08d0) 
thrown [s\open\src\hotspot\share\prims\jni.cpp, line 517]
Event: 0.065 Thread 0x000001fb912c6610 Exception <a 'java/lang/ClassNotFoundException'{0x0000000718d82ba8}: sun/awt/resources/spi/awtProvider> (0x0000000718d82ba8) 
thrown [s\open\src\hotspot\share\classfile\systemDictionary.cpp, line 255]
Event: 0.078 Thread 0x000001fb912c6610 Exception <a 'java/io/FileNotFoundException'{0x0000000718dda090}> (0x0000000718dda090) 
thrown [s\open\src\hotspot\share\prims\jni.cpp, line 517]
Event: 0.082 Thread 0x000001fb912c6610 Exception <a 'java/io/FileNotFoundException'{0x0000000718a28250}> (0x0000000718a28250) 
thrown [s\open\src\hotspot\share\prims\jni.cpp, line 517]
Event: 0.105 Thread 0x000001fb912c6610 Exception <a 'java/lang/NoSuchMethodError'{0x0000000718a6ce40}: 'java.lang.Object java.lang.invoke.DirectMethodHandle$Holder.invokeStaticInit(java.lang.Object)'> (0x0000000718a6ce40) 
thrown [s\open\src\hotspot\share\interpreter\linkResolver.cpp, line 774]
Event: 0.159 Thread 0x000001fb912c6610 Exception <a 'java/lang/NoSuchMethodError'{0x0000000718ac2698}: 'void java.lang.invoke.DirectMethodHandle$Holder.invokeSpecial(java.lang.Object, java.lang.Object, java.lang.Object)'> (0x0000000718ac2698) 
thrown [s\open\src\hotspot\share\interpreter\linkResolver.cpp, line 774]
Event: 0.165 Thread 0x000001fb912c6610 Exception <a 'java/lang/NoSuchMethodError'{0x0000000718bce908}: 'java.lang.Object java.lang.invoke.DirectMethodHandle$Holder.newInvokeSpecial(java.lang.Object, java.lang.Object, java.lang.Object, java.lang.Object, java.lang.Object)'> (0x0000000718bce908) 
thrown [s\open\src\hotspot\share\interpreter\linkResolver.cpp, line 774]
Event: 0.169 Thread 0x000001fb912c6610 Exception <a 'java/lang/NoSuchMethodError'{0x0000000718800230}: 'java.lang.Object java.lang.invoke.DirectMethodHandle$Holder.invokeStatic(java.lang.Object, int, java.lang.Object)'> (0x0000000718800230) 
thrown [s\open\src\hotspot\share\interpreter\linkResolver.cpp, line 774]
Event: 0.184 Thread 0x000001fb912c6610 Exception <a 'java/lang/ClassNotFoundException'{0x00000007188bbe70}: com/sun/swing/internal/plaf/metal/resources/spi/metalProvider> (0x00000007188bbe70) 
thrown [s\open\src\hotspot\share\classfile\systemDictionary.cpp, line 255]
Event: 0.185 Thread 0x000001fb912c6610 Exception <a 'java/lang/ClassNotFoundException'{0x00000007188bfda0}: com/sun/swing/internal/plaf/basic/resources/spi/basicProvider> (0x00000007188bfda0) 
thrown [s\open\src\hotspot\share\classfile\systemDictionary.cpp, line 255]
Event: 0.190 Thread 0x000001fb912c6610 Exception <a 'java/lang/NoSuchMethodError'{0x00000007188dfa10}: 'int java.lang.invoke.Invokers$Holder.invokeExact_MT(java.lang.Object, java.lang.Object)'> (0x00000007188dfa10) 
thrown [s\open\src\hotspot\share\interpreter\linkResolver.cpp, line 774]
Event: 0.224 Thread 0x000001fbb9aaade0 Exception <a 'java/lang/NoSuchMethodError'{0x000000071875a300}: 'java.lang.Object java.lang.invoke.DirectMethodHandle$Holder.newInvokeSpecial(java.lang.Object, java.lang.Object, java.lang.Object, int, int, int, int, int)'> (0x000000071875a300) 
thrown [s\open\src\hotspot\share\interpreter\linkResolver.cpp, line 774]
Event: 0.249 Thread 0x000001fbb93acb30 Exception <a 'java/lang/NoSuchMethodError'{0x0000000718b62760}: 'void java.lang.invoke.DirectMethodHandle$Holder.invokeVirtual(java.lang.Object, java.lang.Object)'> (0x0000000718b62760) 
thrown [s\open\src\hotspot\share\interpreter\linkResolver.cpp, line 774]
Event: 0.258 Thread 0x000001fb912c6610 Exception <a 'java/lang/NoSuchMethodError'{0x00000007189154a8}: 'void java.lang.invoke.DirectMethodHandle$Holder.invokeStaticInit(java.lang.Object)'> (0x00000007189154a8) 
thrown [s\open\src\hotspot\share\interpreter\linkResolver.cpp, line 774]

VM Operations (14 events):
Event: 0.045 Executing VM operation: HandshakeAllThreads
Event: 0.045 Executing VM operation: HandshakeAllThreads done
Event: 0.087 Executing VM operation: HandshakeAllThreads
Event: 0.087 Executing VM operation: HandshakeAllThreads done
Event: 0.216 Executing VM operation: HandshakeAllThreads
Event: 0.216 Executing VM operation: HandshakeAllThreads done
Event: 0.231 Executing VM operation: HandshakeAllThreads
Event: 0.231 Executing VM operation: HandshakeAllThreads done
Event: 0.240 Executing VM operation: HandshakeAllThreads
Event: 0.240 Executing VM operation: HandshakeAllThreads done
Event: 0.417 Executing VM operation: ICBufferFull
Event: 0.417 Executing VM operation: ICBufferFull done
Event: 0.473 Executing VM operation: G1CollectForAllocation
Event: 0.477 Executing VM operation: G1CollectForAllocation done

Events (20 events):
Event: 0.020 Thread 0x000001fbb4d8f6d0 Thread added: 0x000001fbb4d8f6d0
Event: 0.020 Thread 0x000001fbb4d91c20 Thread added: 0x000001fbb4d91c20
Event: 0.020 Thread 0x000001fbb4d92160 Thread added: 0x000001fbb4d92160
Event: 0.020 Thread 0x000001fbb4d9df00 Thread added: 0x000001fbb4d9df00
Event: 0.020 Thread 0x000001fbb4da6490 Thread added: 0x000001fbb4da6490
Event: 0.020 Thread 0x000001fbb4da7a20 Thread added: 0x000001fbb4da7a20
Event: 0.033 Thread 0x000001fbb4d5e170 Thread added: 0x000001fbb4d5e170
Event: 0.039 Thread 0x000001fbb90b4100 Thread added: 0x000001fbb90b4100
Event: 0.046 Thread 0x000001fbb90e2d70 Thread added: 0x000001fbb90e2d70
Event: 0.051 Thread 0x000001fbb91b7e60 Thread added: 0x000001fbb91b7e60
Event: 0.053 Thread 0x000001fbb9200100 Thread added: 0x000001fbb9200100
Event: 0.106 Thread 0x000001fbb93874e0 Thread added: 0x000001fbb93874e0
Event: 0.106 Thread 0x000001fbb9387a20 Thread added: 0x000001fbb9387a20
Event: 0.107 Thread 0x000001fbb93acb30 Thread added: 0x000001fbb93acb30
Event: 0.194 Thread 0x000001fbb9aaade0 Thread added: 0x000001fbb9aaade0
Event: 0.212 Thread 0x000001fbb9abb990 Thread added: 0x000001fbb9abb990
Event: 0.249 Thread 0x000001fbb9be0ae0 Thread added: 0x000001fbb9be0ae0
Event: 0.293 Thread 0x000001fb912c6610 Thread exited: 0x000001fb912c6610
Event: 0.293 Thread 0x000001fb912c6610 Thread added: 0x000001fb912c6610
Event: 0.294 Thread 0x000001fbb90e1f30 Thread added: 0x000001fbb90e1f30


Dynamic libraries:
0x00007ff7b9800000 - 0x00007ff7b9810000 	C:\Program Files\Java\jdk-19\bin\java.exe
0x00007ff96fe70000 - 0x00007ff970084000 	C:\WINDOWS\SYSTEM32\ntdll.dll
0x00007ff96f400000 - 0x00007ff96f4c4000 	C:\WINDOWS\System32\KERNEL32.DLL
0x00007ff96d320000 - 0x00007ff96d6c4000 	C:\WINDOWS\System32\KERNELBASE.dll
0x00007ff96d880000 - 0x00007ff96d991000 	C:\WINDOWS\System32\ucrtbase.dll
0x00007ff969820000 - 0x00007ff96983b000 	C:\Program Files\Java\jdk-19\bin\VCRUNTIME140.dll
0x00007ff94ff60000 - 0x00007ff94ff78000 	C:\Program Files\Java\jdk-19\bin\jli.dll
0x00007ff96e980000 - 0x00007ff96ea30000 	C:\WINDOWS\System32\ADVAPI32.dll
0x00007ff96e190000 - 0x00007ff96e237000 	C:\WINDOWS\System32\msvcrt.dll
0x00007ff96e0c0000 - 0x00007ff96e166000 	C:\WINDOWS\System32\sechost.dll
0x00007ff96e650000 - 0x00007ff96e767000 	C:\WINDOWS\System32\RPCRT4.dll
0x00007ff96f250000 - 0x00007ff96f3fa000 	C:\WINDOWS\System32\USER32.dll
0x00007ff96d250000 - 0x00007ff96d276000 	C:\WINDOWS\System32\win32u.dll
0x00007ff95a2f0000 - 0x00007ff95a57f000 	C:\WINDOWS\WinSxS\amd64_microsoft.windows.common-controls_6595b64144ccf1df_6.0.22621.2070_none_2713e6537381f706\COMCTL32.dll
0x00007ff96fdf0000 - 0x00007ff96fe19000 	C:\WINDOWS\System32\GDI32.dll
0x00007ff96db10000 - 0x00007ff96dc29000 	C:\WINDOWS\System32\gdi32full.dll
0x00007ff96d280000 - 0x00007ff96d31a000 	C:\WINDOWS\System32\msvcp_win.dll
0x00007ff962a40000 - 0x00007ff962a4a000 	C:\WINDOWS\SYSTEM32\VERSION.dll
0x00007ff96f980000 - 0x00007ff96f9b1000 	C:\WINDOWS\System32\IMM32.DLL
0x00007ff957040000 - 0x00007ff95704c000 	C:\Program Files\Java\jdk-19\bin\vcruntime140_1.dll
0x00007ff9367e0000 - 0x00007ff93686e000 	C:\Program Files\Java\jdk-19\bin\msvcp140.dll
0x00007ff92a4b0000 - 0x00007ff92b170000 	C:\Program Files\Java\jdk-19\bin\server\jvm.dll
0x00007ff920630000 - 0x00007ff920639000 	C:\WINDOWS\SYSTEM32\WSOCK32.dll
0x00007ff964ad0000 - 0x00007ff964b04000 	C:\WINDOWS\SYSTEM32\WINMM.dll
0x00007ff96e240000 - 0x00007ff96e2b1000 	C:\WINDOWS\System32\WS2_32.dll
0x00007ff96c380000 - 0x00007ff96c398000 	C:\WINDOWS\SYSTEM32\kernel.appcore.dll
0x00007ff953e40000 - 0x00007ff953e4a000 	C:\Program Files\Java\jdk-19\bin\jimage.dll
0x00007ff96aab0000 - 0x00007ff96acde000 	C:\WINDOWS\SYSTEM32\DBGHELP.DLL
0x00007ff96e2c0000 - 0x00007ff96e64a000 	C:\WINDOWS\System32\combase.dll
0x00007ff96fca0000 - 0x00007ff96fd77000 	C:\WINDOWS\System32\OLEAUT32.dll
0x00007ff964940000 - 0x00007ff964972000 	C:\WINDOWS\SYSTEM32\dbgcore.DLL
0x00007ff96d6d0000 - 0x00007ff96d74a000 	C:\WINDOWS\System32\bcryptPrimitives.dll
0x00007ff9499d0000 - 0x00007ff9499f6000 	C:\Program Files\Java\jdk-19\bin\java.dll
0x00007ff936200000 - 0x00007ff9362d7000 	C:\Program Files\Java\jdk-19\bin\jsvml.dll
0x00007ff96ea30000 - 0x00007ff96f246000 	C:\WINDOWS\System32\SHELL32.dll
0x00007ff96b230000 - 0x00007ff96bb1a000 	C:\WINDOWS\SYSTEM32\windows.storage.dll
0x00007ff96b0f0000 - 0x00007ff96b22e000 	C:\WINDOWS\SYSTEM32\wintypes.dll
0x00007ff96e870000 - 0x00007ff96e963000 	C:\WINDOWS\System32\SHCORE.dll
0x00007ff96fbc0000 - 0x00007ff96fc1e000 	C:\WINDOWS\System32\shlwapi.dll
0x00007ff96d180000 - 0x00007ff96d1a6000 	C:\WINDOWS\SYSTEM32\profapi.dll
0x00007ff94e1f0000 - 0x00007ff94e203000 	C:\Program Files\Java\jdk-19\bin\net.dll
0x00007ff966e40000 - 0x00007ff966f77000 	C:\WINDOWS\SYSTEM32\WINHTTP.dll
0x00007ff96c800000 - 0x00007ff96c869000 	C:\WINDOWS\system32\mswsock.dll
0x00007ff94aef0000 - 0x00007ff94af06000 	C:\Program Files\Java\jdk-19\bin\nio.dll
0x00007ff947a60000 - 0x00007ff947a78000 	C:\Program Files\Java\jdk-19\bin\zip.dll
0x00007ff92eae0000 - 0x00007ff92ec71000 	C:\Program Files\Java\jdk-19\bin\awt.dll
0x00007ff96a100000 - 0x00007ff96a197000 	C:\WINDOWS\SYSTEM32\apphelp.dll
0x00007ff96a4b0000 - 0x00007ff96a4db000 	C:\WINDOWS\system32\DWMAPI.DLL
0x00007ff96a230000 - 0x00007ff96a2db000 	C:\WINDOWS\system32\uxtheme.dll
0x00007ff933740000 - 0x00007ff933840000 	C:\WINDOWS\system32\opengl32.dll
0x00007ff947800000 - 0x00007ff94782d000 	C:\WINDOWS\SYSTEM32\GLU32.dll
0x00007ff96a520000 - 0x00007ff96a558000 	C:\WINDOWS\SYSTEM32\dxcore.dll
0x00007ff96f850000 - 0x00007ff96f977000 	C:\WINDOWS\System32\MSCTF.dll
0x00007ff96f9c0000 - 0x00007ff96fb5c000 	C:\WINDOWS\System32\ole32.dll
0x00007ff95cf50000 - 0x00007ff95d0f9000 	C:\WINDOWS\system32\d3d9.dll
0x00007ff962a50000 - 0x00007ff962c08000 	C:\Windows\System32\DriverStore\FileRepository\u0377383.inf_amd64_30501df11e64fe9a\B377170\aticfx64.dll
0x00007ff935330000 - 0x00007ff935364000 	C:\Windows\System32\DriverStore\FileRepository\u0377383.inf_amd64_30501df11e64fe9a\B377170\atiu9p64.dll
0x00007ff90cf60000 - 0x00007ff90dcb4000 	C:\Windows\System32\DriverStore\FileRepository\u0377383.inf_amd64_30501df11e64fe9a\B377170\atiumd64.dll
0x0000000054f40000 - 0x0000000055db3000 	C:\WINDOWS\System32\DriverStore\FileRepository\u0377383.inf_amd64_30501df11e64fe9a\B377170\atiumd6a.dll
0x00007ff96dc30000 - 0x00007ff96e0a4000 	C:\WINDOWS\System32\SETUPAPI.dll
0x00007ff96c140000 - 0x00007ff96c18d000 	C:\WINDOWS\SYSTEM32\POWRPROF.dll
0x00007ff96c120000 - 0x00007ff96c133000 	C:\WINDOWS\SYSTEM32\UMPDC.dll
0x00007ff960420000 - 0x00007ff960450000 	C:\WINDOWS\SYSTEM32\amdihk64.dll
0x00007ff965260000 - 0x00007ff9652aa000 	C:\WINDOWS\SYSTEM32\directxdatabasehelper.dll
0x00007ff942d80000 - 0x00007ff942dae000 	C:\Program Files\Java\jdk-19\bin\javajpeg.dll
0x00007ff935370000 - 0x00007ff9353f6000 	C:\Program Files\Java\jdk-19\bin\freetype.dll
0x00007ff932f00000 - 0x00007ff932fc6000 	C:\Program Files\Java\jdk-19\bin\fontmanager.dll
0x00007ff9586b0000 - 0x00007ff9587dd000 	C:\WINDOWS\SYSTEM32\textinputframework.dll

dbghelp: loaded successfully - version: 4.0.5 - missing functions: none
symbol engine: initialized successfully - sym options: 0x614 - pdb path: .;C:\Program Files\Java\jdk-19\bin;C:\WINDOWS\SYSTEM32;C:\WINDOWS\WinSxS\amd64_microsoft.windows.common-controls_6595b64144ccf1df_6.0.22621.2070_none_2713e6537381f706;C:\Program Files\Java\jdk-19\bin\server;C:\Windows\System32\DriverStore\FileRepository\u0377383.inf_amd64_30501df11e64fe9a\B377170

VM Arguments:
jvm_args: -Dfile.encoding=UTF-8 --module-path=C:\Users\ASUS Vivobook\Desktop\Design Project\Adventurista\build\classes 
java_command: adventurista.Payment
java_class_path (initial): C:\Users\ASUS Vivobook\Desktop\mysql-connector-java-8.0.28.jar;C:\Users\ASUS Vivobook\Desktop\rs2xml.jar;C:\Users\ASUS Vivobook\Desktop\Design Project\Adventurista\build\classes
Launcher Type: SUN_STANDARD

[Global flags]
     intx CICompilerCount                          = 12                                        {product} {ergonomic}
     uint ConcGCThreads                            = 3                                         {product} {ergonomic}
     uint G1ConcRefinementThreads                  = 13                                        {product} {ergonomic}
   size_t G1HeapRegionSize                         = 2097152                                   {product} {ergonomic}
    uintx GCDrainStackTargetSize                   = 64                                        {product} {ergonomic}
   size_t InitialHeapSize                          = 260046848                                 {product} {ergonomic}
   size_t MarkStackSize                            = 4194304                                   {product} {ergonomic}
   size_t MaxHeapSize                              = 4135583744                                {product} {ergonomic}
   size_t MaxNewSize                               = 2480930816                                {product} {ergonomic}
   size_t MinHeapDeltaBytes                        = 2097152                                   {product} {ergonomic}
   size_t MinHeapSize                              = 8388608                                   {product} {ergonomic}
    uintx NonNMethodCodeHeapSize                   = 7602480                                {pd product} {ergonomic}
    uintx NonProfiledCodeHeapSize                  = 122027880                              {pd product} {ergonomic}
    uintx ProfiledCodeHeapSize                     = 122027880                              {pd product} {ergonomic}
    uintx ReservedCodeCacheSize                    = 251658240                              {pd product} {ergonomic}
     bool SegmentedCodeCache                       = true                                      {product} {ergonomic}
   size_t SoftMaxHeapSize                          = 4135583744                             {manageable} {ergonomic}
     bool UseCompressedClassPointers               = true                           {product lp64_product} {ergonomic}
     bool UseCompressedOops                        = true                           {product lp64_product} {ergonomic}
     bool UseG1GC                                  = true                                      {product} {ergonomic}
     bool UseLargePagesIndividualAllocation        = false                                  {pd product} {ergonomic}

Logging:
Log output configuration:
 #0: stdout all=warning uptime,level,tags foldmultilines=false
 #1: stderr all=off uptime,level,tags foldmultilines=false

Environment Variables:
JAVA_HOME=C:\Program Files\Java\jdk-19
PATH=C:\Program Files\Common Files\Oracle\Java\javapath;C:\Windows\system32;C:\Windows;C:\Windows\System32\Wbem;C:\Windows\System32\WindowsPowerShell\v1.0\;C:\Windows\System32\OpenSSH\;C:\Program Files (x86)\NVIDIA Corporation\PhysX\Common;C:\Program Files\NVIDIA Corporation\NVIDIA NvDLISR;C:\WINDOWS\system32;C:\WINDOWS;C:\WINDOWS\System32\Wbem;C:\WINDOWS\System32\WindowsPowerShell\v1.0\;C:\WINDOWS\System32\OpenSSH\;C:\Program Files\Java\jdk-19\bin;C:\Program Files\MySQL\MySQL Server 8.0\bin;C:\Program Files\MySQL\MySQL Shell 8.0\bin\;C:\Users\ASUS Vivobook\AppData\Local\Programs\Python\Python310\Scripts\;C:\Users\ASUS Vivobook\AppData\Local\Programs\Python\Python310\;C:\Users\ASUS Vivobook\anaconda3;C:\Users\ASUS Vivobook\anaconda3\Library\mingw-w64\bin;C:\Users\ASUS Vivobook\anaconda3\Library\usr\bin;C:\Users\ASUS Vivobook\anaconda3\Library\bin;C:\Users\ASUS Vivobook\anaconda3\Scripts;C:\Users\ASUS Vivobook\AppData\Local\Microsoft\WindowsApps;
USERNAME=ASUS Vivobook
OS=Windows_NT
PROCESSOR_IDENTIFIER=AMD64 Family 25 Model 80 Stepping 0, AuthenticAMD
TMP=C:\Users\ASUSVI~1\AppData\Local\Temp
TEMP=C:\Users\ASUSVI~1\AppData\Local\Temp



---------------  S Y S T E M  ---------------

OS:
 Windows 11 , 64 bit Build 22621 (10.0.22621.2070)
OS uptime: 2 days 2:46 hours

CPU: total 16 (initial active 16) (16 cores per cpu, 2 threads per core) family 25 model 80 stepping 0 microcode 0x0, cx8, cmov, fxsr, ht, mmx, 3dnowpref, sse, sse2, sse3, ssse3, sse4a, sse4.1, sse4.2, popcnt, lzcnt, tsc, tscinvbit, avx, avx2, aes, erms, clmul, bmi1, bmi2, adx, sha, fma, vzeroupper, clflush, clflushopt, rdtscp, rdpid, fsrm

Memory: 4k page, system-wide physical 15775M (4911M free)
TotalPageFile size 34975M (AvailPageFile size 3M)
current process WorkingSet (physical memory assigned to process): 113M, peak: 114M
current process commit charge ("private bytes"): 407M, peak: 408M

vm_info: Java HotSpot(TM) 64-Bit Server VM (19.0.2+7-44) for windows-amd64 JRE (19.0.2+7-44), built on 2022-11-30T18:02:09Z by "mach5one" with MS VC++ 17.1 (VS2022)

END.
